<?xml version="1.0" encoding="UTF-8"?>
<!-- Generated by org.testng.reporters.JUnitReportReporter -->
<testsuite skipped="0" hostname="smb1722012617.local" name="com.Acquire.TestCases.VerifyAcquireLogin" tests="1" failures="0" timestamp="10 Aug 2018 05:09:05 GMT" time="74.097" errors="0">
  <testcase name="VerifyValidLogin" time="74.097" classname="com.Acquire.TestCases.VerifyAcquireLogin"/>
</testsuite> <!-- com.Acquire.TestCases.VerifyAcquireLogin -->
